<?xml version="1.0" encoding="UTF-8"?>
<!-- Generated by org.testng.reporters.JUnitXMLReporter -->
<testsuite hostname="LAPTOP-4QCMJHK6" ignored="0" name="FirefoxTest" tests="1" failures="1" timestamp="2022-12-31T20:36:14 IST" time="5.515" errors="0">
  <testcase name="m1" time="5.492" classname="practice_here.practice01">
    <failure type="org.openqa.selenium.remote.http.ConnectionFailedException" message="Unable to establish websocket connection to http://127.0.0.1:65055/devtools/browser/c603badd-b093-4cef-b511-50bd71ea95fc
Build info: version: &amp;apos;4.1.0&amp;apos;, revision: &amp;apos;87802e897b&amp;apos;
System info: host: &amp;apos;LAPTOP-4QCMJHK6&amp;apos;, ip: &amp;apos;192.168.10.39&amp;apos;, os.name: &amp;apos;Windows 11&amp;apos;, os.arch: &amp;apos;amd64&amp;apos;, os.version: &amp;apos;10.0&amp;apos;, java.version: &amp;apos;1.8.0_333&amp;apos;
Driver info: driver.version: RemoteWebDriver">
      <![CDATA[org.openqa.selenium.remote.http.ConnectionFailedException: Unable to establish websocket connection to http://127.0.0.1:65055/devtools/browser/c603badd-b093-4cef-b511-50bd71ea95fc
Build info: version: '4.1.0', revision: '87802e897b'
System info: host: 'LAPTOP-4QCMJHK6', ip: '192.168.10.39', os.name: 'Windows 11', os.arch: 'amd64', os.version: '10.0', java.version: '1.8.0_333'
Driver info: driver.version: RemoteWebDriver
at org.openqa.selenium.remote.http.netty.NettyWebSocket.<init>(NettyWebSocket.java:104)
at org.openqa.selenium.remote.http.netty.NettyWebSocket.lambda$create$3(NettyWebSocket.java:137)
at org.openqa.selenium.remote.http.netty.NettyClient.openSocket(NettyClient.java:116)
at org.openqa.selenium.devtools.Connection.<init>(Connection.java:77)
at org.openqa.selenium.firefox.FirefoxDriver.maybeGetDevTools(FirefoxDriver.java:359)
at org.openqa.selenium.remote.RemoteWebDriver.close(RemoteWebDriver.java:441)
at practice_here.practice01.m1(practice01.java:27)
at java.util.ArrayList.forEach(Unknown Source)
at java.util.concurrent.FutureTask.run(Unknown Source)
at java.util.concurrent.ThreadPoolExecutor.runWorker(Unknown Source)
at java.util.concurrent.ThreadPoolExecutor$Worker.run(Unknown Source)
at java.lang.Thread.run(Unknown Source)
... Removed 18 stack frames]]>
    </failure>
  </testcase> <!-- m1 -->
</testsuite> <!-- FirefoxTest -->
