<?xml version="1.0" encoding="UTF-8"?>
<!-- Generated by org.testng.reporters.JUnitXMLReporter -->
<testsuite hostname="LAPTOP-4QCMJHK6" ignored="1" name="Test(failed)" tests="1" failures="1" timestamp="2023-01-14T21:45:41 IST" time="0.046" errors="0">
  <testcase name="test" time="0.005" classname="TestNGPractice.practice02">
    <failure type="java.lang.AssertionError" message="expected [komal2] but found [komal]">
      <![CDATA[java.lang.AssertionError: expected [komal2] but found [komal]
at TestNGPractice.practice02.test(practice02.java:14)
at java.util.ArrayList.forEach(Unknown Source)
... Removed 33 stack frames]]>
    </failure>
  </testcase> <!-- test -->
  <testcase name="test1" time="0.0" classname="TestNGPractice.practice02">
    <ignored/>
  </testcase> <!-- test1 -->
</testsuite> <!-- Test(failed) -->
