<?xml version="1.0" encoding="UTF-8"?>
<!-- Generated by org.testng.reporters.JUnitXMLReporter -->
<testsuite hostname="LAPTOP-4QCMJHK6" ignored="0" name="GRP-regration,smoke,sanity" tests="4" failures="0" timestamp="2023-01-11T22:01:12 IST" time="0.057" errors="0">
  <testcase name="login1" time="0.014" classname="practice01.demo"/>
  <testcase name="login2" time="0.001" classname="practice01.demo"/>
  <testcase name="login3" time="0.001" classname="practice01.demo"/>
  <testcase name="login4" time="0.001" classname="practice01.demo"/>
</testsuite> <!-- GRP-regration,smoke,sanity -->
